<?xml version="1.0" encoding="UTF-8"?>
<Site BuildName="Linux-g++-5"
	BuildStamp="20181129-0809-Experimental"
	Name="benjamin-Aspire-VN7-571G"
	Generator="ctest-3.5.1"
	CompilerName="/usr/bin/g++-5"
	CompilerVersion="5.4.0"
	OSName="Linux"
	Hostname="benjamin-Aspire-VN7-571G"
	OSRelease="4.15.0-39-generic"
	OSVersion="#42~16.04.1-Ubuntu SMP Wed Oct 24 17:09:54 UTC 2018"
	OSPlatform="x86_64"
	Is64Bits="1"
	VendorString="GenuineIntel"
	VendorID="Intel Corporation"
	FamilyID="6"
	ModelID="69"
	ProcessorCacheSize="3072"
	NumberOfLogicalCPU="4"
	NumberOfPhysicalCPU="1"
	TotalVirtualMemory="11442"
	TotalPhysicalMemory="7904"
	LogicalProcessorsPerPhysical="4"
	ProcessorClockFrequency="2079.08"
	>
	<Testing>
		<StartDateTime>Nov 29 09:09 CET</StartDateTime>
		<StartTestTime>1543478986</StartTestTime>
		<TestList/>
		<EndDateTime>Nov 29 09:09 CET</EndDateTime>
		<EndTestTime>1543478986</EndTestTime>
		<ElapsedMinutes>0</ElapsedMinutes>
	</Testing>
</Site>
